FILE reverse 6
0 0 0 0 12 21 27 30 33 
P 9
S 8 9
S 9 9
P 9
S 8 9
P 9
P 8
S 7 9
S 9 9
P 9
S 7 9
S 6 8
P 9
S 8 8
S 8 8
P 7
S 8 9
S 9 9
P 9
S 8 9
S 5 7
P 9
S 7 7
S 7 7
P 8
S 6 9
S 9 9
P 9
S 6 9
S 7 8
P 9
S 8 8
S 8 8
P 6
S 8 9
S 9 9
P 9
S 8 9
S 4 6
P 9
S 6 6
S 6 6
P 8
S 7 9
S 9 9
P 9
S 7 9
S 6 8
P 9
S 8 8
S 8 8
P 7
S 5 9
S 9 9
P 9
S 5 9
S 8 7
P 9
S 7 7
S 7 7
P 5
S 7 9
S 9 9
P 9
S 7 9
S 3 5
P 9
S 5 5
S 5 5
P 7
S 8 9
S 9 9
P 9
S 8 9
S 5 7
P 9
S 7 7
S 7 7
P 8
S 6 9
S 9 9
P 9
S 6 9
S 7 8
P 9
S 8 8
S 8 8
P 6
S 4 9
S 9 9
P 9
S 4 9
S 8 6
P 9
S 6 6
S 6 6
P 4
