FILE reverse 9
0 9 27 42 54 63 69 72 75 
P 9
S 8 9
S 9 9
P 9
S 8 9
P 9
P 8
S 7 9
S 9 9
P 9
S 7 9
S 6 8
P 9
S 8 8
S 8 8
P 7
S 8 9
S 9 9
P 9
S 8 9
S 5 7
P 9
S 7 7
S 7 7
P 8
S 6 9
S 9 9
P 9
S 6 9
S 7 8
P 9
S 8 8
S 8 8
P 6
S 8 9
S 9 9
P 9
S 8 9
S 4 6
P 9
S 6 6
S 6 6
P 8
S 7 9
S 9 9
P 9
S 7 9
S 6 8
P 9
S 8 8
S 8 8
P 7
S 5 9
S 9 9
P 9
S 5 9
S 8 7
P 9
S 7 7
S 7 7
P 5
S 7 9
S 9 9
P 9
S 7 9
S 3 5
P 9
S 5 5
S 5 5
P 7
S 8 9
S 9 9
P 9
S 8 9
S 5 7
P 9
S 7 7
S 7 7
P 8
S 6 9
S 9 9
P 9
S 6 9
S 7 8
P 9
S 8 8
S 8 8
P 6
S 4 9
S 9 9
P 9
S 4 9
S 8 6
P 9
S 6 6
S 6 6
P 4
S 6 9
S 9 9
P 9
S 6 9
S 2 4
P 9
S 4 4
S 4 4
P 6
S 8 9
S 9 9
P 9
S 8 9
S 4 6
P 9
S 6 6
S 6 6
P 8
S 7 9
S 9 9
P 9
S 7 9
S 6 8
P 9
S 8 8
S 8 8
P 7
S 5 9
S 9 9
P 9
S 5 9
S 8 7
P 9
S 7 7
S 7 7
P 5
S 3 9
S 9 9
P 9
S 3 9
S 7 5
P 9
S 5 5
S 5 5
P 3
S 5 9
S 9 9
P 9
S 5 9
S 1 3
P 9
S 3 3
S 3 3
P 5
S 7 9
S 9 9
P 9
S 7 9
S 3 5
P 9
S 5 5
S 5 5
P 7
S 8 9
S 9 9
P 9
S 8 9
S 5 7
P 9
S 7 7
S 7 7
P 8
S 6 9
S 9 9
P 9
S 6 9
S 7 8
P 9
S 8 8
S 8 8
P 6
S 4 9
S 9 9
P 9
S 4 9
S 8 6
P 9
S 6 6
S 6 6
P 4
S 2 9
S 9 9
P 9
S 2 9
S 6 4
P 9
S 4 4
S 4 4
P 2
S 5 9
S 9 9
P 9
S 5 9
P 9
P 5
S 3 9
S 9 9
P 9
S 3 9
P 9
P 3
S 1 9
S 9 9
P 9
S 1 9
P 9
P 1
