417474
409134
394729
395824
397527
395030
412003
396197
396367
398782
400385
394699
395196
400614
394173
394548
396050
396063
396446
395093
403337
399495
404593
394576
397893
396394
397035
396801
396584
416887
399494
404472
395989
407048
403769
395890
399459
403529
398924
414718
399144
395567
-1
398203
397066
394975
396668
399472
399519
395641
394716
404990
401947
395795
397636
394795
394904
399257
395074
398686
403431
396461
396164
398601
401437
400788
397683
396413
401362
404220
395274
397066
394961
396148
400189
408463
396128
394982
396409
394907
405405
395598
422643
394354
397466
396745
394645
396590
399936
400351
396450
394912
406789
398790
396303
396397
405512
397276
402293
395933
