395186
395505
394934
396460
396112
395364
395757
398014
399935
394847
396847
408054
395263
395504
397046
399728
397209
395271
395882
412152
397627
395382
399208
394943
398483
405034
395603
400697
396133
395840
401587
398926
398813
394742
403457
396145
394406
397471
395116
396048
399330
411775
399928
404944
401513
395878
396242
399239
394803
411095
398949
396330
398617
402295
399154
395482
399986
404535
397269
395652
398951
396009
395029
402221
397616
395420
397199
395569
400664
394722
396009
394674
396232
395670
401275
399776
396154
394655
403026
402700
394847
395599
398128
395605
-1
397887
394846
395038
396194
399840
407739
395711
399554
400215
396424
397780
401491
396300
399532
398278
