398310
396838
397816
410831
402154
396731
398939
395821
-1
404694
397753
401241
397471
400112
400797
397101
398789
398751
396683
397885
399723
402048
397393
403326
396933
396736
406856
402239
398424
399668
400329
404342
400328
398667
409162
395358
396610
400460
400025
398860
397907
396255
398454
402729
395363
401392
397217
397062
402292
396806
412380
398012
399601
400180
397218
396149
409874
401297
398530
396537
401381
396781
399524
406120
396550
401160
399067
404911
396313
396604
396105
394847
399107
-1
400875
398637
396469
396405
403163
396794
397504
396996
397161
400089
398094
395891
397096
395731
396948
396888
396901
396619
396708
395655
401978
414020
395424
399709
401962
398605
