396807
399109
404050
397716
398794
396821
398475
395912
-1
395040
-1
396394
399831
404309
397213
396589
396210
397638
400707
400477
398458
404328
398746
400302
419333
399386
398845
398316
394945
397070
395959
398762
397534
397639
406224
398232
398148
395658
395852
396677
402041
395267
404782
397862
-1
397065
400893
396065
398767
396578
396243
401013
397025
396062
398529
406952
397098
396989
395104
394281
394233
397185
395871
-1
401742
399893
400542
400261
396028
397120
403363
400865
395220
397139
404518
397944
395390
402115
398550
400693
402249
397620
404485
395597
396237
394411
397696
397639
406957
394531
399607
395886
395594
397244
397393
399379
414461
398781
397507
396725
