2
0 0
2017 2027
116
0 0
28 0
65 1
89 2
107 3
121 4
133 5
143 6
152 7
160 8
174 10
180 11
191 13
200 15
212 18
219 20
234 25
244 29
266 40
271 43
280 49
288 55
293 59
316 82
321 88
330 100
336 109
341 117
344 122
349 131
360 153
364 162
367 169
373 184
376 192
380 203
387 224
391 237
397 258
400 269
408 301
411 314
413 323
416 337
424 377
428 399
431 416
435 440
438 459
440 472
447 521
451 551
456 591
460 625
464 661
466 680
473 750
479 816
482 851
483 863
486 900
490 952
492 979
495 1021
498 1065
499 1080
501 1111
505 1175
510 1260
512 1296
514 1333
517 1390
521 1470
523 1512
525 1555
527 1599
530 1668
532 1715
534 1764
536 1814
539 1892
542 1973
544 2029
546 2087
548 2146
550 2207
551 2238
553 2302
555 2367
558 2469
560 2539
562 2611
563 2648
565 2723
568 2840
569 2880
571 2962
573 3046
574 3089
576 3177
578 3267
579 3313
581 3407
582 3455
583 3504
585 3604
587 3706
588 3758
589 3811
590 3865
592 3975
593 4031
595 4145
597 4263
598 4323
599 4384
