2
0 0
2017 2027
906
0 0
405 0
916 1
1252 2
1504 3
1704 4
1871 5
2014 6
2140 7
2251 8
2351 9
2442 10
2525 11
2602 12
2674 13
2740 14
2803 15
2862 16
2917 17
2970 18
3020 19
3068 20
3113 21
3157 22
3198 23
3238 24
3277 25
3314 26
3384 28
3417 29
3481 31
3511 32
3569 34
3597 35
3624 36
3676 38
3701 39
3749 41
3795 43
3839 45
3881 47
3941 50
3998 53
4034 55
4069 57
4119 60
4151 62
4182 64
4212 66
4241 68
4297 72
4324 74
4363 77
4388 79
4460 85
4483 87
4527 91
4559 94
4590 97
4620 100
4649 103
4668 105
4705 109
4714 110
4749 114
4783 118
4808 121
4848 126
4879 130
4894 132
4938 138
4987 145
5027 151
5053 155
5072 158
5156 172
5190 178
5223 184
5239 187
5260 191
5335 206
5354 210
5382 216
5427 226
5453 232
5470 236
5491 241
5551 256
5574 262
5589 266
5633 278
5675 290
5692 295
5712 301
5738 309
5754 314
5776 321
5842 343
5865 351
5893 361
5912 368
5944 380
5957 385
5975 392
6010 406
6027 413
6039 418
6081 436
6108 448
6130 458
6143 464
6158 471
6181 482
6249 516
6270 527
6285 535
6298 542
6309 548
6327 558
6343 567
6350 571
6369 582
6386 592
6406 604
6424 615
6448 630
6470 644
6496 661
6511 671
6533 686
6546 695
6556 702
6584 722
6595 730
6610 741
6630 756
6647 769
6665 783
6705 815
6722 829
6728 834
6754 856
6769 869
6785 883
6794 891
6804 900
6826 920
6840 933
6858 950
6886 977
6930 1021
6957 1049
6974 1067
6987 1081
6998 1093
7008 1104
7017 1114
7033 1132
7054 1156
7066 1170
7077 1183
7107 1219
7120 1235
7144 1265
7155 1279
7162 1288
7172 1301
7185 1318
7206 1346
7220 1365
7228 1376
7241 1394
7246 1401
7258 1418
7272 1438
7281 1451
7294 1470
7334 1530
7345 1547
7354 1561
7368 1583
7388 1615
7396 1628
7407 1646
7431 1686
7441 1703
7455 1727
7479 1769
7488 1785
7503 1812
7521 1845
7535 1871
7543 1886
7553 1905
7565 1928
7584 1965
7618 2033
7636 2070
7648 2095
7657 2114
7665 2131
7679 2161
7685 2174
7705 2218
7714 2238
7722 2256
7733 2281
7740 2297
7770 2367
7778 2386
7788 2410
7802 2444
7815 2476
7833 2521
7846 2554
7853 2572
7873 2624
7884 2653
7893 2677
7903 2704
7910 2723
7930 2778
7945 2820
7957 2854
7965 2877
7974 2903
7987 2941
8026 3058
8038 3095
8047 3123
8061 3167
8081 3231
8093 3270
8100 3293
8124 3373
8139 3424
8148 3455
8172 3539
8181 3571
8196 3625
8217 3702
8224 3728
8236 3773
8251 3830
8265 3884
8276 3927
8312 4071
8323 4116
8330 4145
8342 4195
8351 4233
8359 4267
8366 4297
8384 4375
8394 4419
8403 4459
8421 4540
8435 4604
8443 4641
8452 4683
8466 4749
8475 4792
8480 4816
8486 4845
8493 4879
8504 4933
8530 5063
8541 5119
8548 5155
8554 5186
8559 5212
8571 5275
8578 5312
8584 5344
8592 5387
8597 5414
8604 5452
8622 5551
8629 5590
8637 5635
8649 5703
8665 5795
8670 5824
8677 5865
8686 5918
8713 6080
8722 6135
8728 6172
8738 6234
8746 6284
8761 6379
8766 6411
8775 6469
8785 6534
8792 6580
8797 6613
8805 6666
8819 6760
8829 6828
8836 6876
8847 6952
8860 7043
8871 7121
8878 7171
8883 7207
8895 7294
8907 7382
8912 7419
8932 7569
8942 7645
8948 7691
8960 7784
8965 7823
8971 7870
8983 7965
8991 8029
9003 8126
9009 8175
9014 8216
9022 8282
9034 8382
9039 8424
9057 8577
9062 8620
9074 8724
9078 8759
9088 8847
9097 8927
9113 9071
9122 9153
9132 9245
9139 9310
9145 9366
9150 9413
9168 9584
9173 9632
9179 9690
9191 9807
9197 9866
9223 10126
9229 10187
9234 10238
9238 10279
9247 10372
9252 10424
9266 10571
9271 10624
9280 10720
9284 10763
9289 10817
9295 10882
9316 11113
9322 11180
9327 11236
9331 11281
9340 11383
9345 11440
9355 11555
9360 11613
9369 11718
9373 11765
9378 11824
9385 11907
9401 12099
9408 12184
9416 12282
9425 12393
9432 12480
9436 12530
9446 12656
9449 12694
9457 12796
9463 12873
9482 13120
9488 13199
9496 13305
9502 13385
9511 13506
9518 13601
9527 13724
9531 13779
9536 13848
9557 14142
9563 14227
9567 14284
9573 14370
9580 14471
9584 14529
9591 14631
9594 14675
9602 14793
9607 14867
9624 15122
9630 15213
9634 15274
9640 15366
9645 15443
9653 15567
9658 15645
9661 15692
9665 15755
9670 15834
9680 15993
9681 16009
9691 16170
9696 16251
9705 16398
9717 16596
9726 16746
9731 16830
9751 17170
9756 17256
9765 17412
9775 17587
9781 17693
9789 17835
9807 18159
9812 18250
9821 18415
9829 18563
9834 18656
9837 18712
9841 18787
9848 18919
9856 19071
9863 19205
9867 19282
9873 19398
9883 19593
9889 19711
9893 19790
9899 19909
9908 20089
9914 20210
9918 20291
9924 20413
9932 20577
9941 20763
9947 20888
9957 21098
9963 21225
9967 21310
9970 21374
9980 21589
9986 21719
9990 21806
9997 21959
10000 22025
10008 22202
10012 22291
10015 22358
10020 22470
10024 22560
10033 22764
10039 22901
10047 23085
10053 23224
10057 23317
10062 23434
10068 23575
10074 23717
10078 23812
10094 24196
10098 24293
10101 24366
10111 24611
10117 24759
10122 24883
10131 25108
10136 25234
10140 25335
10145 25462
10147 25513
10152 25641
10155 25718
10159 25821
10172 26159
10177 26290
10180 26369
10190 26634
10198 26848
10209 27145
10214 27281
10217 27363
10227 27638
10235 27860
10245 28140
10249 28253
10255 28423
10261 28594
10267 28766
10283 29230
10289 29406
10295 29583
10301 29761
10307 29940
10311 30060
10317 30241
10323 30423
10329 30606
10332 30698
10336 30821
10347 31162
10351 31287
10354 31381
10362 31633
10365 31728
10370 31887
10377 32111
10382 32272
10385 32369
10393 32629
10396 32727
10402 32924
10407 33089
10412 33255
10418 33455
10420 33522
10425 33690
10430 33859
10439 34165
10443 34302
10446 34405
10450 34543
10456 34751
10461 34925
10465 35065
10471 35276
10474 35382
10480 35595
10483 35702
10487 35845
10495 36133
10499 36278
10502 36387
10510 36679
10514 36826
10523 37159
10527 37308
10530 37420
10534 37570
10537 37683
10541 37834
10550 38176
10554 38329
10562 38637
10565 38753
10577 39221
10581 39378
10587 39615
10590 39734
10603 40254
10606 40375
10612 40618
10615 40740
10628 41273
10633 41480
10635 41563
10638 41688
10642 41855
10649 42149
10653 42318
10658 42530
10664 42786
10674 43216
10677 43346
10685 43694
10691 43957
10693 44045
10698 44266
10701 44399
10707 44666
10711 44845
10718 45160
10722 45341
10728 45614
10731 45751
10742 46257
10745 46396
10749 46582
10752 46722
10764 47286
10769 47523
10775 47809
10783 48193
10786 48338
10792 48629
10795 48775
10804 49216
10810 49512
10816 49810
10823 50160
10827 50361
10833 50664
10838 50918
10841 51071
10846 51327
10852 51636
10855 51791
10863 52207
10866 52364
10872 52679
10878 52996
10884 53315
10890 53636
10893 53797
10900 54175
10906 54501
10912 54829
10918 55159
10922 55380
10926 55602
10929 55769
10937 56217
10940 56386
10944 56612
10947 56782
10954 57181
10960 57525
10963 57698
10974 58336
10978 58570
10981 58746
10990 59277
10993 59455
10999 59813
11006 60233
11009 60414
11011 60535
11014 60717
11023 61266
11026 61450
11028 61573
11031 61758
11039 62254
11042 62441
11044 62566
11047 62754
11055 63258
11061 63639
11064 63830
11069 64150
11073 64407
11075 64536
11078 64730
11086 65250
11089 65446
11091 65577
11094 65774
11101 66236
11104 66435
11106 66568
11109 66768
11116 67237
11119 67439
11121 67574
11124 67777
11130 68185
11133 68390
11137 68664
11147 69354
11151 69632
11156 69981
11157 70051
11161 70332
11165 70614
11168 70826
11173 71181
11176 71395
11180 71681
11189 72329
11193 72619
11197 72910
11200 73129
11203 73349
11207 73643
11210 73864
11214 74160
11217 74383
11221 74681
11229 75281
11232 75507
11235 75734
11242 76266
11245 76495
11248 76725
11255 77264
11258 77496
11261 77729
11268 78275
11271 78510
11274 78746
11280 79220
11283 79458
11285 79617
11289 79936
11290 80016
11294 80337
11298 80659
11301 80901
11303 81063
11307 81388
11309 81551
11312 81796
11317 82206
11320 82453
11322 82618
11331 83365
11335 83699
11342 84287
11346 84625
11350 84964
11351 85049
11355 85390
11357 85561
11360 85818
11364 86162
11367 86421
11369 86594
11372 86854
11375 87115
11378 87377
11382 87727
11388 88255
11391 88520
11394 88786
11399 89231
11405 89768
11410 90218
11413 90489
11416 90761
11421 91216
11424 91490
11427 91765
11432 92225
11435 92502
11438 92780
11443 93245
11446 93525
11449 93806
11453 94182
11456 94465
11459 94749
11465 95319
11467 95510
11470 95797
11475 96277
11479 96663
11486 97342
11488 97537
11491 97830
11495 98222
11499 98616
11502 98912
11504 99110
11507 99408
11509 99607
11512 99906
11513 100006
11517 100407
11519 100608
11527 101416
11529 101619
11536 102333
11540 102743
11545 103258
11549 103672
11555 104296
11559 104714
11565 105344
11567 105555
11570 105872
11572 106084
11575 106403
11577 106616
11584 107365
11588 107795
11592 108227
11596 108661
11602 109315
11606 109753
11611 110303
11613 110524
11616 110856
11619 111189
11623 111635
11630 112419
11632 112644
11638 113322
11642 113776
11645 114118
11648 114461
11650 114690
11655 115265
11659 115727
11664 116307
11668 116773
11671 117124
11674 117476
11676 117711
11681 118301
11683 118538
11686 118894
11687 119013
11691 119490
11694 119849
11696 120089
11699 120450
11701 120691
11706 121296
11710 121782
11713 122148
11716 122515
11719 122883
11721 123129
11724 123499
11727 123870
11729 124118
11732 124491
11735 124865
11737 125115
11740 125491
11743 125868
11745 126120
11748 126499
11751 126879
11753 127133
11756 127515
11759 127898
11760 128026
11763 128411
11765 128668
11770 129313
11774 129831
11776 130091
11779 130482
11781 130743
11785 131267
11787 131530
11790 131925
11791 132057
11794 132454
11796 132719
11800 133251
11804 133785
11807 134187
11811 134725
11815 135265
11819 135807
11822 136215
11826 136761
11830 137309
11832 137584
11838 138412
11840 138689
11844 139245
11848 139803
11850 140083
11853 140504
11856 140926
11857 141067
11860 141491
11862 141774
11865 142200
11869 142770
11872 143199
11876 143773
11879 144205
11883 144783
11886 145218
11890 145800
11893 146238
11897 146824
11899 147118
11902 147560
11908 148448
11912 149043
11915 149491
11918 149940
11919 150090
11922 150541
11928 151447
11931 151902
11933 152206
11935 152511
11938 152969
11939 153122
11943 153736
11947 154352
11949 154661
11953 155281
11955 155592
11960 156372
11962 156685
11966 157313
11968 157628
11973 158418
11975 158735
11978 159212
11982 159850
11984 160170
11988 160812
11990 161134
11993 161618
11997 162266
11999 162591
