2
0 0
2017 2027
119
0 0
252 0
455 1
788 10
1004 19
1166 28
1292 37
1400 46
1490 55
1571 64
1643 73
1769 91
1823 100
1922 118
2003 136
2111 163
2174 181
2309 226
2399 262
2597 361
2642 388
2723 442
2795 496
2840 532
3047 739
3092 793
3173 901
3227 982
3272 1054
3299 1099
3344 1180
3443 1378
3479 1459
3506 1522
3560 1657
3587 1729
3623 1828
3686 2017
3722 2134
3776 2323
3803 2422
3875 2710
3902 2827
3920 2908
3947 3034
4019 3394
4055 3592
4082 3745
4118 3961
4145 4132
4163 4249
4226 4690
4262 4960
4307 5320
4343 5626
4379 5950
4397 6121
4460 6751
4514 7345
4541 7660
4550 7768
4577 8101
4613 8569
4631 8812
4658 9190
4685 9586
4694 9721
4712 10000
4748 10576
4793 11341
4811 11665
4829 11998
4856 12511
4892 13231
4910 13609
4928 13996
4946 14392
4973 15013
4991 15436
5009 15877
5027 16327
5054 17029
5081 17758
5099 18262
5117 18784
5135 19315
5153 19864
5162 20143
5180 20719
5198 21304
5225 22222
5243 22852
5261 23500
5270 23833
5288 24508
5315 25561
5324 25921
5342 26659
5360 27415
5369 27802
5387 28594
5405 29404
5414 29818
5432 30664
5441 31096
5450 31537
5468 32437
5486 33355
5495 33823
5504 34300
5513 34786
5531 35776
5540 36280
5558 37306
5576 38368
5585 38908
5594 39457
5492 39999
5391 39456
0 0
